<?xml version="1.0" encoding="UTF-8"?>
<testng-results skipped="0" failed="0" ignored="0" total="1" passed="1">
  <reporter-output>
  </reporter-output>
  <suite name="Default suite" duration-ms="68025" started-at="2020-03-12T11:12:39 IST" finished-at="2020-03-12T11:13:47 IST">
    <groups>
    </groups>
    <test name="Default test" duration-ms="68025" started-at="2020-03-12T11:12:39 IST" finished-at="2020-03-12T11:13:47 IST">
      <class name="com.TestCase.CruisesAlaska_TestCase">
        <test-method status="PASS" signature="launchingChrome()[pri:0, instance:com.TestCase.CruisesAlaska_TestCase@627551fb]" name="launchingChrome" is-config="true" duration-ms="33774" started-at="2020-03-12T11:12:39 IST" finished-at="2020-03-12T11:13:13 IST">
          <reporter-output>
          </reporter-output>
        </test-method> <!-- launchingChrome -->
        <test-method status="PASS" signature="Royalcaribbean()[pri:0, instance:com.TestCase.CruisesAlaska_TestCase@627551fb]" name="Royalcaribbean" duration-ms="27277" started-at="2020-03-12T11:13:13 IST" finished-at="2020-03-12T11:13:40 IST">
          <reporter-output>
          </reporter-output>
        </test-method> <!-- Royalcaribbean -->
        <test-method status="PASS" signature="close()[pri:0, instance:com.TestCase.CruisesAlaska_TestCase@627551fb]" name="close" is-config="true" duration-ms="6922" started-at="2020-03-12T11:13:40 IST" finished-at="2020-03-12T11:13:47 IST">
          <reporter-output>
          </reporter-output>
        </test-method> <!-- close -->
      </class> <!-- com.TestCase.CruisesAlaska_TestCase -->
    </test> <!-- Default test -->
  </suite> <!-- Default suite -->
</testng-results>
