<?xml version="1.0" encoding="UTF-8"?>
<testng-results skipped="0" failed="0" ignored="0" total="3" passed="3">
  <reporter-output>
  </reporter-output>
  <suite name="Default suite" duration-ms="22502" started-at="2020-03-03T15:11:02 IST" finished-at="2020-03-03T15:11:25 IST">
    <groups>
    </groups>
    <test name="Default test" duration-ms="22502" started-at="2020-03-03T15:11:02 IST" finished-at="2020-03-03T15:11:25 IST">
      <class name="Testegdemo.Dataprovider">
        <test-method status="PASS" signature="beforeMethod()[pri:0, instance:Testegdemo.Dataprovider@6591f517]" name="beforeMethod" is-config="true" duration-ms="8979" started-at="2020-03-03T15:11:03 IST" finished-at="2020-03-03T15:11:12 IST">
          <reporter-output>
          </reporter-output>
        </test-method> <!-- beforeMethod -->
        <test-method status="PASS" signature="login(java.lang.String, java.lang.String)[pri:0, instance:Testegdemo.Dataprovider@6591f517]" name="login" duration-ms="747" started-at="2020-03-03T15:11:12 IST" data-provider="Testdata" finished-at="2020-03-03T15:11:12 IST">
          <params>
            <param index="0">
              <value>
                <![CDATA[user1]]>
              </value>
            </param>
            <param index="1">
              <value>
                <![CDATA[password1]]>
              </value>
            </param>
          </params>
          <reporter-output>
          </reporter-output>
        </test-method> <!-- login -->
        <test-method status="PASS" signature="beforeMethod()[pri:0, instance:Testegdemo.Dataprovider@6591f517]" name="beforeMethod" is-config="true" duration-ms="6136" started-at="2020-03-03T15:11:12 IST" finished-at="2020-03-03T15:11:18 IST">
          <reporter-output>
          </reporter-output>
        </test-method> <!-- beforeMethod -->
        <test-method status="PASS" signature="login(java.lang.String, java.lang.String)[pri:0, instance:Testegdemo.Dataprovider@6591f517]" name="login" duration-ms="571" started-at="2020-03-03T15:11:18 IST" data-provider="Testdata" finished-at="2020-03-03T15:11:19 IST">
          <params>
            <param index="0">
              <value>
                <![CDATA[user2]]>
              </value>
            </param>
            <param index="1">
              <value>
                <![CDATA[password1]]>
              </value>
            </param>
          </params>
          <reporter-output>
          </reporter-output>
        </test-method> <!-- login -->
        <test-method status="PASS" signature="beforeMethod()[pri:0, instance:Testegdemo.Dataprovider@6591f517]" name="beforeMethod" is-config="true" duration-ms="5655" started-at="2020-03-03T15:11:19 IST" finished-at="2020-03-03T15:11:25 IST">
          <reporter-output>
          </reporter-output>
        </test-method> <!-- beforeMethod -->
        <test-method status="PASS" signature="login(java.lang.String, java.lang.String)[pri:0, instance:Testegdemo.Dataprovider@6591f517]" name="login" duration-ms="314" started-at="2020-03-03T15:11:25 IST" data-provider="Testdata" finished-at="2020-03-03T15:11:25 IST">
          <params>
            <param index="0">
              <value>
                <![CDATA[user3]]>
              </value>
            </param>
            <param index="1">
              <value>
                <![CDATA[password3]]>
              </value>
            </param>
          </params>
          <reporter-output>
          </reporter-output>
        </test-method> <!-- login -->
      </class> <!-- Testegdemo.Dataprovider -->
    </test> <!-- Default test -->
  </suite> <!-- Default suite -->
</testng-results>
