<?xml version="1.0" encoding="UTF-8"?>
<!-- Generated by org.testng.reporters.JUnitXMLReporter -->
<testsuite hostname="BLT009" ignored="0" name="Default test" tests="3" failures="0" timestamp="2020-03-03T15:11:25 IST" time="22.502" errors="0">
  <testcase name="login" time="0.747" classname="Testegdemo.Dataprovider"/>
  <testcase name="login" time="0.571" classname="Testegdemo.Dataprovider"/>
  <testcase name="login" time="0.314" classname="Testegdemo.Dataprovider"/>
</testsuite> <!-- Default test -->
