<?xml version="1.0" encoding="UTF-8"?>
<!-- Generated by org.testng.reporters.JUnitXMLReporter -->
<testsuite hostname="BLT009" ignored="1" name="Test" tests="2" failures="0" timestamp="2020-02-17T16:14:13 IST" time="0.063" errors="0">
  <testcase name="testcase2" time="0.0" classname="Testegdemo.dependsongroup"/>
  <testcase name="testcase3" time="0.0" classname="Testegdemo.dependsongroup"/>
  <testcase name="testcase1" time="0.0" classname="Testegdemo.dependsongroup">
    <ignored/>
  </testcase> <!-- testcase1 -->
</testsuite> <!-- Test -->
