<?xml version="1.0" encoding="UTF-8"?>
<testng-results skipped="0" failed="0" ignored="0" total="1" passed="1">
  <reporter-output>
  </reporter-output>
  <suite name="Default suite" duration-ms="5410" started-at="2020-02-20T11:24:34 IST" finished-at="2020-02-20T11:24:39 IST">
    <groups>
    </groups>
    <test name="Default test" duration-ms="5410" started-at="2020-02-20T11:24:34 IST" finished-at="2020-02-20T11:24:39 IST">
      <class name="gradledemo.basictest">
        <test-method status="PASS" signature="login()[pri:0, instance:gradledemo.basictest@6737fd8f]" name="login" duration-ms="5339" started-at="2020-02-20T11:24:34 IST" finished-at="2020-02-20T11:24:39 IST">
          <reporter-output>
          </reporter-output>
        </test-method> <!-- login -->
      </class> <!-- gradledemo.basictest -->
    </test> <!-- Default test -->
  </suite> <!-- Default suite -->
</testng-results>
