<?xml version="1.0" encoding="UTF-8"?>
<testng-results skipped="0" failed="0" ignored="0" total="1" passed="1">
  <reporter-output>
  </reporter-output>
  <suite name="Default suite" duration-ms="55984" started-at="2020-03-12T09:52:09 IST" finished-at="2020-03-12T09:53:05 IST">
    <groups>
    </groups>
    <test name="Default test" duration-ms="55984" started-at="2020-03-12T09:52:09 IST" finished-at="2020-03-12T09:53:05 IST">
      <class name="com.TestCase.RoyalCaribbean_TestCase">
        <test-method status="PASS" signature="startup()[pri:0, instance:com.TestCase.RoyalCaribbean_TestCase@6737fd8f]" name="startup" is-config="true" duration-ms="23807" started-at="2020-03-12T09:52:09 IST" finished-at="2020-03-12T09:52:32 IST">
          <reporter-output>
          </reporter-output>
        </test-method> <!-- startup -->
        <test-method status="PASS" signature="alska()[pri:0, instance:com.TestCase.RoyalCaribbean_TestCase@6737fd8f]" name="alska" duration-ms="30059" started-at="2020-03-12T09:52:32 IST" finished-at="2020-03-12T09:53:02 IST">
          <reporter-output>
          </reporter-output>
        </test-method> <!-- alska -->
        <test-method status="PASS" signature="Close()[pri:0, instance:com.TestCase.RoyalCaribbean_TestCase@6737fd8f]" name="Close" is-config="true" duration-ms="2070" started-at="2020-03-12T09:53:02 IST" finished-at="2020-03-12T09:53:05 IST">
          <reporter-output>
          </reporter-output>
        </test-method> <!-- Close -->
      </class> <!-- com.TestCase.RoyalCaribbean_TestCase -->
    </test> <!-- Default test -->
  </suite> <!-- Default suite -->
</testng-results>
