<?xml version="1.0" encoding="UTF-8"?>
<!-- Generated by org.testng.reporters.JUnitXMLReporter -->
<testsuite hostname="BLT009" ignored="0" name="Test" tests="4" failures="0" timestamp="2020-03-05T15:06:51 IST" time="81.649" errors="0">
  <testcase name="move" time="9.167" classname="Com.testcase.Amazon_search_testcase"/>
  <testcase name="login" time="10.092" classname="Com.testcase.Amazon_login_testcase"/>
  <testcase name="login1" time="6.664" classname="Com.testcase.Amazon_login_testcase"/>
  <testcase name="move" time="2.395" classname="Com.testcase.Amazon_Account_Testcase"/>
</testsuite> <!-- Test -->
